2025-02-06 21:52:51,260 INFO o.h.v.i.u.Version [background-preinit] HV000001: Hibernate Validator 8.0.2.Final
2025-02-06 21:52:51,409 INFO o.s.b.StartupInfoLogger [main] Starting TrainerControllerTest using Java 17.0.14 with PID 1255270 (started by ruby in /home/ruby/Desktop/rest/spring-core)
2025-02-06 21:52:51,411 INFO o.s.b.SpringApplication [main] No active profile set, falling back to 1 default profile: "default"
2025-02-06 21:52:52,206 INFO o.s.d.r.c.RepositoryConfigurationDelegate [main] Bootstrapping Spring Data JPA repositories in DEFAULT mode.
2025-02-06 21:52:52,231 INFO o.s.d.r.c.RepositoryConfigurationDelegate [main] Finished Spring Data repository scanning in 15 ms. Found 0 JPA repository interfaces.
2025-02-06 21:52:53,891 INFO o.h.j.i.u.LogHelper [main] HHH000204: Processing PersistenceUnitInfo [name: default]
2025-02-06 21:52:54,027 INFO o.h.Version [main] HHH000412: Hibernate ORM core version 6.6.5.Final
2025-02-06 21:52:54,100 INFO o.h.c.i.RegionFactoryInitiator [main] HHH000026: Second-level cache disabled
2025-02-06 21:52:54,330 INFO o.s.o.j.p.SpringPersistenceUnitInfo [main] No LoadTimeWeaver setup: ignoring JPA class transformer
2025-02-06 21:52:54,372 INFO c.z.h.HikariDataSource [main] HikariPool-1 - Starting...
2025-02-06 21:52:54,747 INFO c.z.h.p.HikariPool [main] HikariPool-1 - Added connection org.postgresql.jdbc.PgConnection@ea34dee
2025-02-06 21:52:54,751 INFO c.z.h.HikariDataSource [main] HikariPool-1 - Start completed.
2025-02-06 21:52:54,910 INFO o.h.e.j.e.i.JdbcEnvironmentInitiator [main] HHH10001005: Database info:
	Database JDBC URL [Connecting through datasource 'HikariDataSource (HikariPool-1)']
	Database driver: undefined/unknown
	Database version: 17.2
	Autocommit mode: undefined/unknown
	Isolation level: undefined/unknown
	Minimum pool size: undefined/unknown
	Maximum pool size: undefined/unknown
2025-02-06 21:52:55,960 INFO o.h.e.t.j.p.i.JtaPlatformInitiator [main] HHH000489: No JTA platform available (set 'hibernate.transaction.jta.platform' to enable JTA platform integration)
2025-02-06 21:52:56,062 INFO o.s.o.j.AbstractEntityManagerFactoryBean [main] Initialized JPA EntityManagerFactory for persistence unit 'default'
2025-02-06 21:52:56,571 WARN o.s.b.a.o.j.JpaBaseConfiguration$JpaWebConfiguration [main] spring.jpa.open-in-view is enabled by default. Therefore, database queries may be performed during view rendering. Explicitly configure spring.jpa.open-in-view to disable this warning
2025-02-06 21:52:57,137 INFO o.s.m.w.MockServletContext [main] Initializing Spring TestDispatcherServlet ''
2025-02-06 21:52:57,138 INFO o.s.w.s.FrameworkServlet [main] Initializing Servlet ''
2025-02-06 21:52:57,141 INFO o.s.w.s.FrameworkServlet [main] Completed initialization in 2 ms
2025-02-06 21:52:57,176 INFO o.s.b.StartupInfoLogger [main] Started TrainerControllerTest in 6.345 seconds (process running for 7.811)
2025-02-06 21:52:57,453 INFO c.e.d.u.LoggingAspect [main] Transaction ID: No Auth Header | Incoming request to TrainerController.getProfile(..): [asror.r]
2025-02-06 21:52:57,459 INFO c.e.d.u.LoggingAspect [main] Transaction ID: No Auth Header | Response from TrainerController.getProfile(..): <200 OK OK,com.example.demo.dto.response.TrainerResponseDTO@5a58fe0c,[]>
2025-02-06 21:52:57,575 INFO c.e.d.u.LoggingAspect [main] Transaction ID: No Auth Header | Incoming request to TrainerController.getProfile(..): [asror.r]
2025-02-06 21:52:57,656 INFO c.e.d.u.LoggingAspect [main] Transaction ID: No Auth Header | Incoming request to TrainerController.update(..): [com.example.demo.dto.request.TrainerUpdateRequestDTO@1409cc34]
2025-02-06 21:52:57,658 INFO c.e.d.u.LoggingAspect [main] Transaction ID: No Auth Header | Response from TrainerController.update(..): <200 OK OK,[]>
2025-02-06 21:52:57,705 INFO c.e.d.u.LoggingAspect [main] Transaction ID: No Auth Header | Incoming request to TrainerController.status(..): [asror, true]
2025-02-06 21:52:57,706 INFO c.e.d.u.LoggingAspect [main] Transaction ID: No Auth Header | Response from TrainerController.status(..): <200 OK OK,[]>
2025-02-06 21:52:57,725 WARN o.s.w.s.h.AbstractHandlerExceptionResolver [main] Resolved [org.springframework.web.bind.MissingServletRequestParameterException: Required request parameter 'status' for method parameter type boolean is not present]
2025-02-06 21:52:57,742 INFO o.s.t.c.s.AnnotationConfigContextLoaderUtils [main] Could not detect default configuration classes for test class [com.example.demo.controller.TraineeControllerTest]: TraineeControllerTest does not declare any static, non-private, non-final, nested classes annotated with @Configuration.
2025-02-06 21:52:57,748 INFO o.s.b.t.c.SpringBootTestContextBootstrapper [main] Found @SpringBootConfiguration com.example.demo.DemoApplication for test class com.example.demo.controller.TraineeControllerTest
2025-02-06 21:52:57,789 INFO o.s.b.StartupInfoLogger [main] Starting TraineeControllerTest using Java 17.0.14 with PID 1255270 (started by ruby in /home/ruby/Desktop/rest/spring-core)
2025-02-06 21:52:57,790 INFO o.s.b.SpringApplication [main] No active profile set, falling back to 1 default profile: "default"
2025-02-06 21:52:57,914 INFO o.s.d.r.c.RepositoryConfigurationDelegate [main] Bootstrapping Spring Data JPA repositories in DEFAULT mode.
2025-02-06 21:52:57,919 INFO o.s.d.r.c.RepositoryConfigurationDelegate [main] Finished Spring Data repository scanning in 4 ms. Found 0 JPA repository interfaces.
2025-02-06 21:52:58,054 INFO o.h.j.i.u.LogHelper [main] HHH000204: Processing PersistenceUnitInfo [name: default]
2025-02-06 21:52:58,055 INFO o.h.c.i.RegionFactoryInitiator [main] HHH000026: Second-level cache disabled
2025-02-06 21:52:58,062 INFO o.s.o.j.p.SpringPersistenceUnitInfo [main] No LoadTimeWeaver setup: ignoring JPA class transformer
2025-02-06 21:52:58,062 INFO c.z.h.HikariDataSource [main] HikariPool-2 - Starting...
2025-02-06 21:52:58,087 INFO c.z.h.p.HikariPool [main] HikariPool-2 - Added connection org.postgresql.jdbc.PgConnection@74126a41
2025-02-06 21:52:58,088 INFO c.z.h.HikariDataSource [main] HikariPool-2 - Start completed.
2025-02-06 21:52:58,094 INFO o.h.e.j.e.i.JdbcEnvironmentInitiator [main] HHH10001005: Database info:
	Database JDBC URL [Connecting through datasource 'HikariDataSource (HikariPool-2)']
	Database driver: undefined/unknown
	Database version: 17.2
	Autocommit mode: undefined/unknown
	Isolation level: undefined/unknown
	Minimum pool size: undefined/unknown
	Maximum pool size: undefined/unknown
2025-02-06 21:52:58,243 INFO o.h.e.t.j.p.i.JtaPlatformInitiator [main] HHH000489: No JTA platform available (set 'hibernate.transaction.jta.platform' to enable JTA platform integration)
2025-02-06 21:52:58,304 INFO o.s.o.j.AbstractEntityManagerFactoryBean [main] Initialized JPA EntityManagerFactory for persistence unit 'default'
2025-02-06 21:52:58,413 WARN o.s.b.a.o.j.JpaBaseConfiguration$JpaWebConfiguration [main] spring.jpa.open-in-view is enabled by default. Therefore, database queries may be performed during view rendering. Explicitly configure spring.jpa.open-in-view to disable this warning
2025-02-06 21:52:58,609 INFO o.s.m.w.MockServletContext [main] Initializing Spring TestDispatcherServlet ''
2025-02-06 21:52:58,610 INFO o.s.w.s.FrameworkServlet [main] Initializing Servlet ''
2025-02-06 21:52:58,611 INFO o.s.w.s.FrameworkServlet [main] Completed initialization in 1 ms
2025-02-06 21:52:58,617 INFO o.s.b.StartupInfoLogger [main] Started TraineeControllerTest in 0.863 seconds (process running for 9.252)
2025-02-06 21:52:58,625 INFO c.e.d.u.LoggingAspect [main] Transaction ID: No Auth Header | Incoming request to TraineeController.getProfile(..): [q.q]
2025-02-06 21:52:58,626 INFO c.e.d.u.LoggingAspect [main] Transaction ID: No Auth Header | Response from TraineeController.getProfile(..): <200 OK OK,com.example.demo.dto.response.TraineeResponseDTO@9134258,[]>
2025-02-06 21:52:58,646 INFO c.e.d.u.LoggingAspect [main] Transaction ID: No Auth Header | Incoming request to TraineeController.update(..): [com.example.demo.dto.request.TraineeUpdateRequestDTO@3a14e7f3]
2025-02-06 21:52:58,647 INFO c.e.d.u.LoggingAspect [main] Transaction ID: No Auth Header | Response from TraineeController.update(..): <200 OK OK,[]>
2025-02-06 21:52:58,663 INFO c.e.d.u.LoggingAspect [main] Transaction ID: No Auth Header | Incoming request to TraineeController.status(..): [asror, true]
2025-02-06 21:52:58,664 INFO c.e.d.u.LoggingAspect [main] Transaction ID: No Auth Header | Response from TraineeController.status(..): <200 OK OK,[]>
2025-02-06 21:52:58,671 WARN o.s.w.s.h.AbstractHandlerExceptionResolver [main] Resolved [org.springframework.web.bind.MissingServletRequestParameterException: Required request parameter 'status' for method parameter type boolean is not present]
2025-02-06 21:52:58,679 INFO c.e.d.u.LoggingAspect [main] Transaction ID: No Auth Header | Incoming request to TraineeController.delete(..): [qwerty]
2025-02-06 21:52:58,680 INFO c.e.d.u.LoggingAspect [main] Transaction ID: No Auth Header | Response from TraineeController.delete(..): <200 OK OK,[]>
2025-02-06 21:52:58,688 INFO c.e.d.u.LoggingAspect [main] Transaction ID: No Auth Header | Incoming request to TraineeController.getNotAssignedTrainers(..): [a.a]
2025-02-06 21:52:58,688 INFO c.e.d.u.LoggingAspect [main] Transaction ID: No Auth Header | Response from TraineeController.getNotAssignedTrainers(..): <200 OK OK,[com.example.demo.dto.response.TrainerResponseDTO@3391fffa, com.example.demo.dto.response.TrainerResponseDTO@19a9062e],[]>
2025-02-06 21:52:58,699 INFO o.s.t.c.s.AnnotationConfigContextLoaderUtils [main] Could not detect default configuration classes for test class [com.example.demo.controller.TrainingTypeControllerTest]: TrainingTypeControllerTest does not declare any static, non-private, non-final, nested classes annotated with @Configuration.
2025-02-06 21:52:58,702 INFO o.s.b.t.c.SpringBootTestContextBootstrapper [main] Found @SpringBootConfiguration com.example.demo.DemoApplication for test class com.example.demo.controller.TrainingTypeControllerTest
2025-02-06 21:52:58,717 INFO o.s.b.StartupInfoLogger [main] Starting TrainingTypeControllerTest using Java 17.0.14 with PID 1255270 (started by ruby in /home/ruby/Desktop/rest/spring-core)
2025-02-06 21:52:58,717 INFO o.s.b.SpringApplication [main] No active profile set, falling back to 1 default profile: "default"
2025-02-06 21:52:58,821 INFO o.s.d.r.c.RepositoryConfigurationDelegate [main] Bootstrapping Spring Data JPA repositories in DEFAULT mode.
2025-02-06 21:52:58,825 INFO o.s.d.r.c.RepositoryConfigurationDelegate [main] Finished Spring Data repository scanning in 2 ms. Found 0 JPA repository interfaces.
2025-02-06 21:52:58,925 INFO o.h.j.i.u.LogHelper [main] HHH000204: Processing PersistenceUnitInfo [name: default]
2025-02-06 21:52:58,926 INFO o.h.c.i.RegionFactoryInitiator [main] HHH000026: Second-level cache disabled
2025-02-06 21:52:58,931 INFO o.s.o.j.p.SpringPersistenceUnitInfo [main] No LoadTimeWeaver setup: ignoring JPA class transformer
2025-02-06 21:52:58,931 INFO c.z.h.HikariDataSource [main] HikariPool-3 - Starting...
2025-02-06 21:52:58,953 INFO c.z.h.p.HikariPool [main] HikariPool-3 - Added connection org.postgresql.jdbc.PgConnection@26a9560d
2025-02-06 21:52:58,954 INFO c.z.h.HikariDataSource [main] HikariPool-3 - Start completed.
2025-02-06 21:52:58,960 INFO o.h.e.j.e.i.JdbcEnvironmentInitiator [main] HHH10001005: Database info:
	Database JDBC URL [Connecting through datasource 'HikariDataSource (HikariPool-3)']
	Database driver: undefined/unknown
	Database version: 17.2
	Autocommit mode: undefined/unknown
	Isolation level: undefined/unknown
	Minimum pool size: undefined/unknown
	Maximum pool size: undefined/unknown
2025-02-06 21:52:59,081 INFO o.h.e.t.j.p.i.JtaPlatformInitiator [main] HHH000489: No JTA platform available (set 'hibernate.transaction.jta.platform' to enable JTA platform integration)
2025-02-06 21:52:59,142 INFO o.s.o.j.AbstractEntityManagerFactoryBean [main] Initialized JPA EntityManagerFactory for persistence unit 'default'
2025-02-06 21:52:59,242 WARN o.s.b.a.o.j.JpaBaseConfiguration$JpaWebConfiguration [main] spring.jpa.open-in-view is enabled by default. Therefore, database queries may be performed during view rendering. Explicitly configure spring.jpa.open-in-view to disable this warning
2025-02-06 21:52:59,409 INFO o.s.m.w.MockServletContext [main] Initializing Spring TestDispatcherServlet ''
2025-02-06 21:52:59,410 INFO o.s.w.s.FrameworkServlet [main] Initializing Servlet ''
2025-02-06 21:52:59,411 INFO o.s.w.s.FrameworkServlet [main] Completed initialization in 1 ms
2025-02-06 21:52:59,420 INFO o.s.b.StartupInfoLogger [main] Started TrainingTypeControllerTest in 0.715 seconds (process running for 10.054)
2025-02-06 21:52:59,426 INFO c.e.d.u.LoggingAspect [main] Transaction ID: No Auth Header | Incoming request to TrainingTypeController.getAll(): []
2025-02-06 21:52:59,426 INFO c.e.d.u.LoggingAspect [main] Transaction ID: No Auth Header | Response from TrainingTypeController.getAll(): <200 OK OK,[com.example.demo.dto.response.TrainingTypeResponseDTO@44176cfa, com.example.demo.dto.response.TrainingTypeResponseDTO@6e1195b],[]>
2025-02-06 21:52:59,451 INFO o.s.t.c.s.AnnotationConfigContextLoaderUtils [main] Could not detect default configuration classes for test class [com.example.demo.controller.TrainingControllerTest]: TrainingControllerTest does not declare any static, non-private, non-final, nested classes annotated with @Configuration.
2025-02-06 21:52:59,454 INFO o.s.b.t.c.SpringBootTestContextBootstrapper [main] Found @SpringBootConfiguration com.example.demo.DemoApplication for test class com.example.demo.controller.TrainingControllerTest
2025-02-06 21:52:59,483 INFO o.s.b.StartupInfoLogger [main] Starting TrainingControllerTest using Java 17.0.14 with PID 1255270 (started by ruby in /home/ruby/Desktop/rest/spring-core)
2025-02-06 21:52:59,484 INFO o.s.b.SpringApplication [main] No active profile set, falling back to 1 default profile: "default"
2025-02-06 21:52:59,574 INFO o.s.d.r.c.RepositoryConfigurationDelegate [main] Bootstrapping Spring Data JPA repositories in DEFAULT mode.
2025-02-06 21:52:59,578 INFO o.s.d.r.c.RepositoryConfigurationDelegate [main] Finished Spring Data repository scanning in 3 ms. Found 0 JPA repository interfaces.
2025-02-06 21:52:59,672 INFO o.h.j.i.u.LogHelper [main] HHH000204: Processing PersistenceUnitInfo [name: default]
2025-02-06 21:52:59,674 INFO o.h.c.i.RegionFactoryInitiator [main] HHH000026: Second-level cache disabled
2025-02-06 21:52:59,679 INFO o.s.o.j.p.SpringPersistenceUnitInfo [main] No LoadTimeWeaver setup: ignoring JPA class transformer
2025-02-06 21:52:59,679 INFO c.z.h.HikariDataSource [main] HikariPool-4 - Starting...
2025-02-06 21:52:59,700 INFO c.z.h.p.HikariPool [main] HikariPool-4 - Added connection org.postgresql.jdbc.PgConnection@5d33a769
2025-02-06 21:52:59,700 INFO c.z.h.HikariDataSource [main] HikariPool-4 - Start completed.
2025-02-06 21:52:59,705 INFO o.h.e.j.e.i.JdbcEnvironmentInitiator [main] HHH10001005: Database info:
	Database JDBC URL [Connecting through datasource 'HikariDataSource (HikariPool-4)']
	Database driver: undefined/unknown
	Database version: 17.2
	Autocommit mode: undefined/unknown
	Isolation level: undefined/unknown
	Minimum pool size: undefined/unknown
	Maximum pool size: undefined/unknown
2025-02-06 21:52:59,788 INFO o.h.e.t.j.p.i.JtaPlatformInitiator [main] HHH000489: No JTA platform available (set 'hibernate.transaction.jta.platform' to enable JTA platform integration)
2025-02-06 21:52:59,861 INFO o.s.o.j.AbstractEntityManagerFactoryBean [main] Initialized JPA EntityManagerFactory for persistence unit 'default'
2025-02-06 21:52:59,916 WARN o.s.b.a.o.j.JpaBaseConfiguration$JpaWebConfiguration [main] spring.jpa.open-in-view is enabled by default. Therefore, database queries may be performed during view rendering. Explicitly configure spring.jpa.open-in-view to disable this warning
2025-02-06 21:53:00,083 INFO o.s.m.w.MockServletContext [main] Initializing Spring TestDispatcherServlet ''
2025-02-06 21:53:00,083 INFO o.s.w.s.FrameworkServlet [main] Initializing Servlet ''
2025-02-06 21:53:00,084 INFO o.s.w.s.FrameworkServlet [main] Completed initialization in 1 ms
2025-02-06 21:53:00,089 INFO o.s.b.StartupInfoLogger [main] Started TrainingControllerTest in 0.631 seconds (process running for 10.723)
2025-02-06 21:53:00,096 INFO c.e.d.u.LoggingAspect [main] Transaction ID: No Auth Header | Incoming request to TrainingController.getTrainerTrainers(..): [asror.r, null, null, null]
2025-02-06 21:53:00,097 INFO c.e.d.u.LoggingAspect [main] Transaction ID: No Auth Header | Response from TrainingController.getTrainerTrainers(..): <200 OK OK,[com.example.demo.dto.response.TrainingResponseDTO@2160ee18, com.example.demo.dto.response.TrainingResponseDTO@cba83ed],[]>
2025-02-06 21:53:00,113 INFO c.e.d.u.LoggingAspect [main] Transaction ID: No Auth Header | Incoming request to TrainingController.addTraining(..): [com.example.demo.dto.request.TrainingCreateRequestDTO@5a7ffa4c]
2025-02-06 21:53:00,114 INFO c.e.d.u.LoggingAspect [main] Transaction ID: No Auth Header | Response from TrainingController.addTraining(..): <201 CREATED Created,[]>
2025-02-06 21:53:00,126 INFO c.e.d.u.LoggingAspect [main] Transaction ID: No Auth Header | Incoming request to TrainingController.getTraineeTrainings(..): [asror.r, null, null, null, null]
2025-02-06 21:53:00,126 INFO c.e.d.u.LoggingAspect [main] Transaction ID: No Auth Header | Response from TrainingController.getTraineeTrainings(..): <200 OK OK,[com.example.demo.dto.response.TrainingResponseDTO@2b2f96c9],[]>
2025-02-06 21:53:00,132 INFO o.s.t.c.s.AnnotationConfigContextLoaderUtils [main] Could not detect default configuration classes for test class [com.example.demo.controller.AuthControllerTest]: AuthControllerTest does not declare any static, non-private, non-final, nested classes annotated with @Configuration.
2025-02-06 21:53:00,134 INFO o.s.b.t.c.SpringBootTestContextBootstrapper [main] Found @SpringBootConfiguration com.example.demo.DemoApplication for test class com.example.demo.controller.AuthControllerTest
2025-02-06 21:53:00,153 INFO o.s.b.StartupInfoLogger [main] Starting AuthControllerTest using Java 17.0.14 with PID 1255270 (started by ruby in /home/ruby/Desktop/rest/spring-core)
2025-02-06 21:53:00,153 INFO o.s.b.SpringApplication [main] No active profile set, falling back to 1 default profile: "default"
2025-02-06 21:53:00,248 INFO o.s.d.r.c.RepositoryConfigurationDelegate [main] Bootstrapping Spring Data JPA repositories in DEFAULT mode.
2025-02-06 21:53:00,252 INFO o.s.d.r.c.RepositoryConfigurationDelegate [main] Finished Spring Data repository scanning in 2 ms. Found 0 JPA repository interfaces.
2025-02-06 21:53:00,341 INFO o.h.j.i.u.LogHelper [main] HHH000204: Processing PersistenceUnitInfo [name: default]
2025-02-06 21:53:00,342 INFO o.h.c.i.RegionFactoryInitiator [main] HHH000026: Second-level cache disabled
2025-02-06 21:53:00,346 INFO o.s.o.j.p.SpringPersistenceUnitInfo [main] No LoadTimeWeaver setup: ignoring JPA class transformer
2025-02-06 21:53:00,347 INFO c.z.h.HikariDataSource [main] HikariPool-5 - Starting...
2025-02-06 21:53:00,363 INFO c.z.h.p.HikariPool [main] HikariPool-5 - Added connection org.postgresql.jdbc.PgConnection@7360e8ae
2025-02-06 21:53:00,363 INFO c.z.h.HikariDataSource [main] HikariPool-5 - Start completed.
2025-02-06 21:53:00,367 INFO o.h.e.j.e.i.JdbcEnvironmentInitiator [main] HHH10001005: Database info:
	Database JDBC URL [Connecting through datasource 'HikariDataSource (HikariPool-5)']
	Database driver: undefined/unknown
	Database version: 17.2
	Autocommit mode: undefined/unknown
	Isolation level: undefined/unknown
	Minimum pool size: undefined/unknown
	Maximum pool size: undefined/unknown
2025-02-06 21:53:00,461 INFO o.h.e.t.j.p.i.JtaPlatformInitiator [main] HHH000489: No JTA platform available (set 'hibernate.transaction.jta.platform' to enable JTA platform integration)
2025-02-06 21:53:00,527 INFO o.s.o.j.AbstractEntityManagerFactoryBean [main] Initialized JPA EntityManagerFactory for persistence unit 'default'
2025-02-06 21:53:00,599 WARN o.s.b.a.o.j.JpaBaseConfiguration$JpaWebConfiguration [main] spring.jpa.open-in-view is enabled by default. Therefore, database queries may be performed during view rendering. Explicitly configure spring.jpa.open-in-view to disable this warning
2025-02-06 21:53:00,739 INFO o.s.m.w.MockServletContext [main] Initializing Spring TestDispatcherServlet ''
2025-02-06 21:53:00,739 INFO o.s.w.s.FrameworkServlet [main] Initializing Servlet ''
2025-02-06 21:53:00,740 INFO o.s.w.s.FrameworkServlet [main] Completed initialization in 1 ms
2025-02-06 21:53:00,744 INFO o.s.b.StartupInfoLogger [main] Started AuthControllerTest in 0.608 seconds (process running for 11.379)
2025-02-06 21:53:00,779 INFO c.e.d.u.LoggingAspect [main] Transaction ID: No Auth Header | Incoming request to AuthController.signIn(..): [com.example.demo.dto.request.SignInRequestDTO@c4aee29]
2025-02-06 21:53:00,780 INFO c.e.d.u.LoggingAspect [main] Transaction ID: No Auth Header | Response from AuthController.signIn(..): <200 OK OK,com.example.demo.dto.response.SignInResponseDTO@27fa6e40,[]>
2025-02-06 21:53:00,805 INFO c.e.d.u.LoggingAspect [main] Transaction ID: No Auth Header | Incoming request to AuthController.changePassword(..): [com.example.demo.dto.request.ChangePasswordRequestDTO@6ecd6e6d]
2025-02-06 21:53:00,806 INFO c.e.d.u.LoggingAspect [main] Transaction ID: No Auth Header | Response from AuthController.changePassword(..): <200 OK OK,[]>
2025-02-06 21:53:00,843 INFO c.e.d.u.LoggingAspect [main] Transaction ID: No Auth Header | Incoming request to AuthController.signUpTrainee(..): [com.example.demo.dto.request.TraineeSignUpRequestDTO@69d70d72]
2025-02-06 21:53:00,844 INFO c.e.d.u.LoggingAspect [main] Transaction ID: No Auth Header | Response from AuthController.signUpTrainee(..): <201 CREATED Created,com.example.demo.dto.response.SignUpResponseDTO@3b8283d8,[]>
2025-02-06 21:53:00,880 INFO c.e.d.u.LoggingAspect [main] Transaction ID: No Auth Header | Incoming request to AuthController.signUpTrainer(..): [com.example.demo.dto.request.TrainerSignUpRequestDTO@2d571497]
2025-02-06 21:53:00,880 INFO c.e.d.u.LoggingAspect [main] Transaction ID: No Auth Header | Response from AuthController.signUpTrainer(..): <201 CREATED Created,com.example.demo.dto.response.SignUpResponseDTO@388c8bf8,[]>
2025-02-06 21:53:01,428 WARN c.e.d.d.TraineeDAOImpl [main] No Trainer found with username qwerty
2025-02-06 21:53:01,636 WARN c.e.d.s.TraineeService [main] 'Trainee [dateOfBirth=Thu Feb 06 21:53:01 UZT 2025, address=T, user=asror.r]' already true
2025-02-06 21:53:01,845 WARN c.e.d.s.TrainerService [main] 'Trainer [user=asror.r specialization=TrainingType [trainingTypeName=Swimming]]' already true
2025-02-06 21:53:02,058 INFO o.s.o.j.AbstractEntityManagerFactoryBean [SpringApplicationShutdownHook] Closing JPA EntityManagerFactory for persistence unit 'default'
2025-02-06 21:53:02,061 INFO c.z.h.HikariDataSource [SpringApplicationShutdownHook] HikariPool-1 - Shutdown initiated...
2025-02-06 21:53:02,066 INFO c.z.h.HikariDataSource [SpringApplicationShutdownHook] HikariPool-1 - Shutdown completed.
2025-02-06 21:53:02,069 INFO o.s.o.j.AbstractEntityManagerFactoryBean [SpringApplicationShutdownHook] Closing JPA EntityManagerFactory for persistence unit 'default'
2025-02-06 21:53:02,069 INFO c.z.h.HikariDataSource [SpringApplicationShutdownHook] HikariPool-2 - Shutdown initiated...
2025-02-06 21:53:02,073 INFO c.z.h.HikariDataSource [SpringApplicationShutdownHook] HikariPool-2 - Shutdown completed.
2025-02-06 21:53:02,074 INFO o.s.o.j.AbstractEntityManagerFactoryBean [SpringApplicationShutdownHook] Closing JPA EntityManagerFactory for persistence unit 'default'
2025-02-06 21:53:02,074 INFO c.z.h.HikariDataSource [SpringApplicationShutdownHook] HikariPool-3 - Shutdown initiated...
2025-02-06 21:53:02,077 INFO c.z.h.HikariDataSource [SpringApplicationShutdownHook] HikariPool-3 - Shutdown completed.
2025-02-06 21:53:02,079 INFO o.s.o.j.AbstractEntityManagerFactoryBean [SpringApplicationShutdownHook] Closing JPA EntityManagerFactory for persistence unit 'default'
2025-02-06 21:53:02,080 INFO c.z.h.HikariDataSource [SpringApplicationShutdownHook] HikariPool-4 - Shutdown initiated...
2025-02-06 21:53:02,083 INFO c.z.h.HikariDataSource [SpringApplicationShutdownHook] HikariPool-4 - Shutdown completed.
2025-02-06 21:53:02,085 INFO o.s.o.j.AbstractEntityManagerFactoryBean [SpringApplicationShutdownHook] Closing JPA EntityManagerFactory for persistence unit 'default'
2025-02-06 21:53:02,086 INFO c.z.h.HikariDataSource [SpringApplicationShutdownHook] HikariPool-5 - Shutdown initiated...
2025-02-06 21:53:02,089 INFO c.z.h.HikariDataSource [SpringApplicationShutdownHook] HikariPool-5 - Shutdown completed.
2025-02-06 22:09:15,382 INFO o.h.v.i.u.Version [background-preinit] HV000001: Hibernate Validator 8.0.2.Final
2025-02-06 22:09:15,424 INFO o.s.b.StartupInfoLogger [main] Starting DemoApplication using Java 17.0.14 with PID 1318865 (/home/ruby/Desktop/rest/spring-core/target/classes started by ruby in /home/ruby/Desktop/rest/spring-core)
2025-02-06 22:09:15,426 INFO o.s.b.SpringApplication [main] No active profile set, falling back to 1 default profile: "default"
2025-02-06 22:09:15,937 INFO o.s.d.r.c.RepositoryConfigurationDelegate [main] Bootstrapping Spring Data JPA repositories in DEFAULT mode.
2025-02-06 22:09:15,957 INFO o.s.d.r.c.RepositoryConfigurationDelegate [main] Finished Spring Data repository scanning in 12 ms. Found 0 JPA repository interfaces.
2025-02-06 22:09:16,416 INFO o.s.b.w.e.t.TomcatWebServer [main] Tomcat initialized with port 8080 (http)
2025-02-06 22:09:16,424 INFO o.a.j.l.DirectJDKLog [main] Initializing ProtocolHandler ["http-nio-8080"]
2025-02-06 22:09:16,426 INFO o.a.j.l.DirectJDKLog [main] Starting service [Tomcat]
2025-02-06 22:09:16,427 INFO o.a.j.l.DirectJDKLog [main] Starting Servlet engine: [Apache Tomcat/10.1.34]
2025-02-06 22:09:16,468 INFO o.a.j.l.DirectJDKLog [main] Initializing Spring embedded WebApplicationContext
2025-02-06 22:09:16,469 INFO o.s.b.w.s.c.ServletWebServerApplicationContext [main] Root WebApplicationContext: initialization completed in 1007 ms
2025-02-06 22:09:16,601 INFO o.h.j.i.u.LogHelper [main] HHH000204: Processing PersistenceUnitInfo [name: default]
2025-02-06 22:09:16,643 INFO o.h.Version [main] HHH000412: Hibernate ORM core version 6.6.5.Final
2025-02-06 22:09:16,669 INFO o.h.c.i.RegionFactoryInitiator [main] HHH000026: Second-level cache disabled
2025-02-06 22:09:16,837 INFO o.s.o.j.p.SpringPersistenceUnitInfo [main] No LoadTimeWeaver setup: ignoring JPA class transformer
2025-02-06 22:09:16,852 INFO c.z.h.HikariDataSource [main] HikariPool-1 - Starting...
2025-02-06 22:09:17,043 INFO c.z.h.p.HikariPool [main] HikariPool-1 - Added connection org.postgresql.jdbc.PgConnection@c0013b8
2025-02-06 22:09:17,044 INFO c.z.h.HikariDataSource [main] HikariPool-1 - Start completed.
2025-02-06 22:09:17,082 INFO o.h.e.j.e.i.JdbcEnvironmentInitiator [main] HHH10001005: Database info:
	Database JDBC URL [Connecting through datasource 'HikariDataSource (HikariPool-1)']
	Database driver: undefined/unknown
	Database version: 17.2
	Autocommit mode: undefined/unknown
	Isolation level: undefined/unknown
	Minimum pool size: undefined/unknown
	Maximum pool size: undefined/unknown
2025-02-06 22:09:17,590 INFO o.h.e.t.j.p.i.JtaPlatformInitiator [main] HHH000489: No JTA platform available (set 'hibernate.transaction.jta.platform' to enable JTA platform integration)
2025-02-06 22:09:17,675 INFO o.s.o.j.AbstractEntityManagerFactoryBean [main] Initialized JPA EntityManagerFactory for persistence unit 'default'
2025-02-06 22:09:17,861 WARN o.s.b.a.o.j.JpaBaseConfiguration$JpaWebConfiguration [main] spring.jpa.open-in-view is enabled by default. Therefore, database queries may be performed during view rendering. Explicitly configure spring.jpa.open-in-view to disable this warning
2025-02-06 22:09:18,299 INFO o.a.j.l.DirectJDKLog [main] Starting ProtocolHandler ["http-nio-8080"]
2025-02-06 22:09:18,316 INFO o.s.b.w.e.t.TomcatWebServer [main] Tomcat started on port 8080 (http) with context path '/'
2025-02-06 22:09:18,327 INFO o.s.b.StartupInfoLogger [main] Started DemoApplication in 3.259 seconds (process running for 3.476)
2025-02-06 22:10:06,007 INFO o.a.j.l.DirectJDKLog [http-nio-8080-exec-1] Initializing Spring DispatcherServlet 'dispatcherServlet'
2025-02-06 22:10:06,008 INFO o.s.w.s.FrameworkServlet [http-nio-8080-exec-1] Initializing Servlet 'dispatcherServlet'
2025-02-06 22:10:06,009 INFO o.s.w.s.FrameworkServlet [http-nio-8080-exec-1] Completed initialization in 0 ms
2025-02-06 22:10:06,011 ERROR o.a.j.l.DirectJDKLog [http-nio-8080-exec-1] Servlet.service() for servlet [dispatcherServlet] in context with path [] threw exception
com.example.demo.exceptions.AuthenticationException: Missing or invalid Authorization header
	at com.example.demo.security.JwtAuthenticationFilter.doFilter(JwtAuthenticationFilter.java:54)
	at org.apache.catalina.core.ApplicationFilterChain.internalDoFilter(ApplicationFilterChain.java:164)
	at org.apache.catalina.core.ApplicationFilterChain.doFilter(ApplicationFilterChain.java:140)
	at org.springframework.web.filter.RequestContextFilter.doFilterInternal(RequestContextFilter.java:100)
	at org.springframework.web.filter.OncePerRequestFilter.doFilter(OncePerRequestFilter.java:116)
	at org.apache.catalina.core.ApplicationFilterChain.internalDoFilter(ApplicationFilterChain.java:164)
	at org.apache.catalina.core.ApplicationFilterChain.doFilter(ApplicationFilterChain.java:140)
	at org.springframework.web.filter.FormContentFilter.doFilterInternal(FormContentFilter.java:93)
	at org.springframework.web.filter.OncePerRequestFilter.doFilter(OncePerRequestFilter.java:116)
	at org.apache.catalina.core.ApplicationFilterChain.internalDoFilter(ApplicationFilterChain.java:164)
	at org.apache.catalina.core.ApplicationFilterChain.doFilter(ApplicationFilterChain.java:140)
	at org.springframework.web.filter.CharacterEncodingFilter.doFilterInternal(CharacterEncodingFilter.java:201)
	at org.springframework.web.filter.OncePerRequestFilter.doFilter(OncePerRequestFilter.java:116)
	at org.apache.catalina.core.ApplicationFilterChain.internalDoFilter(ApplicationFilterChain.java:164)
	at org.apache.catalina.core.ApplicationFilterChain.doFilter(ApplicationFilterChain.java:140)
	at org.apache.catalina.core.StandardWrapperValve.invoke(StandardWrapperValve.java:167)
	at org.apache.catalina.core.StandardContextValve.invoke(StandardContextValve.java:90)
	at org.apache.catalina.authenticator.AuthenticatorBase.invoke(AuthenticatorBase.java:483)
	at org.apache.catalina.core.StandardHostValve.invoke(StandardHostValve.java:115)
	at org.apache.catalina.valves.ErrorReportValve.invoke(ErrorReportValve.java:93)
	at org.apache.catalina.core.StandardEngineValve.invoke(StandardEngineValve.java:74)
	at org.apache.catalina.connector.CoyoteAdapter.service(CoyoteAdapter.java:344)
	at org.apache.coyote.http11.Http11Processor.service(Http11Processor.java:397)
	at org.apache.coyote.AbstractProcessorLight.process(AbstractProcessorLight.java:63)
	at org.apache.coyote.AbstractProtocol$ConnectionHandler.process(AbstractProtocol.java:905)
	at org.apache.tomcat.util.net.NioEndpoint$SocketProcessor.doRun(NioEndpoint.java:1741)
	at org.apache.tomcat.util.net.SocketProcessorBase.run(SocketProcessorBase.java:52)
	at org.apache.tomcat.util.threads.ThreadPoolExecutor.runWorker(ThreadPoolExecutor.java:1190)
	at org.apache.tomcat.util.threads.ThreadPoolExecutor$Worker.run(ThreadPoolExecutor.java:659)
	at org.apache.tomcat.util.threads.TaskThread$WrappingRunnable.run(TaskThread.java:63)
	at java.base/java.lang.Thread.run(Thread.java:840)
2025-02-06 22:10:14,780 ERROR o.a.j.l.DirectJDKLog [http-nio-8080-exec-4] Servlet.service() for servlet [dispatcherServlet] in context with path [] threw exception
com.example.demo.exceptions.AuthenticationException: Missing or invalid Authorization header
	at com.example.demo.security.JwtAuthenticationFilter.doFilter(JwtAuthenticationFilter.java:54)
	at org.apache.catalina.core.ApplicationFilterChain.internalDoFilter(ApplicationFilterChain.java:164)
	at org.apache.catalina.core.ApplicationFilterChain.doFilter(ApplicationFilterChain.java:140)
	at org.springframework.web.filter.RequestContextFilter.doFilterInternal(RequestContextFilter.java:100)
	at org.springframework.web.filter.OncePerRequestFilter.doFilter(OncePerRequestFilter.java:116)
	at org.apache.catalina.core.ApplicationFilterChain.internalDoFilter(ApplicationFilterChain.java:164)
	at org.apache.catalina.core.ApplicationFilterChain.doFilter(ApplicationFilterChain.java:140)
	at org.springframework.web.filter.FormContentFilter.doFilterInternal(FormContentFilter.java:93)
	at org.springframework.web.filter.OncePerRequestFilter.doFilter(OncePerRequestFilter.java:116)
	at org.apache.catalina.core.ApplicationFilterChain.internalDoFilter(ApplicationFilterChain.java:164)
	at org.apache.catalina.core.ApplicationFilterChain.doFilter(ApplicationFilterChain.java:140)
	at org.springframework.web.filter.CharacterEncodingFilter.doFilterInternal(CharacterEncodingFilter.java:201)
	at org.springframework.web.filter.OncePerRequestFilter.doFilter(OncePerRequestFilter.java:116)
	at org.apache.catalina.core.ApplicationFilterChain.internalDoFilter(ApplicationFilterChain.java:164)
	at org.apache.catalina.core.ApplicationFilterChain.doFilter(ApplicationFilterChain.java:140)
	at org.apache.catalina.core.StandardWrapperValve.invoke(StandardWrapperValve.java:167)
	at org.apache.catalina.core.StandardContextValve.invoke(StandardContextValve.java:90)
	at org.apache.catalina.authenticator.AuthenticatorBase.invoke(AuthenticatorBase.java:483)
	at org.apache.catalina.core.StandardHostValve.invoke(StandardHostValve.java:115)
	at org.apache.catalina.valves.ErrorReportValve.invoke(ErrorReportValve.java:93)
	at org.apache.catalina.core.StandardEngineValve.invoke(StandardEngineValve.java:74)
	at org.apache.catalina.connector.CoyoteAdapter.service(CoyoteAdapter.java:344)
	at org.apache.coyote.http11.Http11Processor.service(Http11Processor.java:397)
	at org.apache.coyote.AbstractProcessorLight.process(AbstractProcessorLight.java:63)
	at org.apache.coyote.AbstractProtocol$ConnectionHandler.process(AbstractProtocol.java:905)
	at org.apache.tomcat.util.net.NioEndpoint$SocketProcessor.doRun(NioEndpoint.java:1741)
	at org.apache.tomcat.util.net.SocketProcessorBase.run(SocketProcessorBase.java:52)
	at org.apache.tomcat.util.threads.ThreadPoolExecutor.runWorker(ThreadPoolExecutor.java:1190)
	at org.apache.tomcat.util.threads.ThreadPoolExecutor$Worker.run(ThreadPoolExecutor.java:659)
	at org.apache.tomcat.util.threads.TaskThread$WrappingRunnable.run(TaskThread.java:63)
	at java.base/java.lang.Thread.run(Thread.java:840)
2025-02-06 22:14:06,830 INFO o.s.b.w.e.t.GracefulShutdown [SpringApplicationShutdownHook] Commencing graceful shutdown. Waiting for active requests to complete
2025-02-06 22:14:06,833 INFO o.s.b.w.e.t.GracefulShutdown [tomcat-shutdown] Graceful shutdown complete
2025-02-06 22:14:06,837 INFO o.s.o.j.AbstractEntityManagerFactoryBean [SpringApplicationShutdownHook] Closing JPA EntityManagerFactory for persistence unit 'default'
2025-02-06 22:14:06,839 INFO c.z.h.HikariDataSource [SpringApplicationShutdownHook] HikariPool-1 - Shutdown initiated...
2025-02-06 22:14:06,845 INFO c.z.h.HikariDataSource [SpringApplicationShutdownHook] HikariPool-1 - Shutdown completed.
2025-02-06 22:14:07,686 INFO o.h.v.i.u.Version [background-preinit] HV000001: Hibernate Validator 8.0.2.Final
2025-02-06 22:14:07,717 INFO o.s.b.StartupInfoLogger [main] Starting DemoApplication using Java 17.0.14 with PID 1347704 (/home/ruby/Desktop/rest/spring-core/target/classes started by ruby in /home/ruby/Desktop/rest/spring-core)
2025-02-06 22:14:07,718 INFO o.s.b.SpringApplication [main] No active profile set, falling back to 1 default profile: "default"
2025-02-06 22:14:08,111 INFO o.s.d.r.c.RepositoryConfigurationDelegate [main] Bootstrapping Spring Data JPA repositories in DEFAULT mode.
2025-02-06 22:14:08,128 INFO o.s.d.r.c.RepositoryConfigurationDelegate [main] Finished Spring Data repository scanning in 12 ms. Found 0 JPA repository interfaces.
2025-02-06 22:14:08,624 INFO o.s.b.w.e.t.TomcatWebServer [main] Tomcat initialized with port 8080 (http)
2025-02-06 22:14:08,631 INFO o.a.j.l.DirectJDKLog [main] Initializing ProtocolHandler ["http-nio-8080"]
2025-02-06 22:14:08,633 INFO o.a.j.l.DirectJDKLog [main] Starting service [Tomcat]
2025-02-06 22:14:08,633 INFO o.a.j.l.DirectJDKLog [main] Starting Servlet engine: [Apache Tomcat/10.1.34]
2025-02-06 22:14:08,663 INFO o.a.j.l.DirectJDKLog [main] Initializing Spring embedded WebApplicationContext
2025-02-06 22:14:08,664 INFO o.s.b.w.s.c.ServletWebServerApplicationContext [main] Root WebApplicationContext: initialization completed in 922 ms
2025-02-06 22:14:08,782 INFO o.h.j.i.u.LogHelper [main] HHH000204: Processing PersistenceUnitInfo [name: default]
2025-02-06 22:14:08,806 INFO o.h.Version [main] HHH000412: Hibernate ORM core version 6.6.5.Final
2025-02-06 22:14:08,821 INFO o.h.c.i.RegionFactoryInitiator [main] HHH000026: Second-level cache disabled
2025-02-06 22:14:08,946 INFO o.s.o.j.p.SpringPersistenceUnitInfo [main] No LoadTimeWeaver setup: ignoring JPA class transformer
2025-02-06 22:14:08,964 INFO c.z.h.HikariDataSource [main] HikariPool-1 - Starting...
2025-02-06 22:14:09,115 INFO c.z.h.p.HikariPool [main] HikariPool-1 - Added connection org.postgresql.jdbc.PgConnection@4db6348b
2025-02-06 22:14:09,116 INFO c.z.h.HikariDataSource [main] HikariPool-1 - Start completed.
2025-02-06 22:14:09,154 INFO o.h.e.j.e.i.JdbcEnvironmentInitiator [main] HHH10001005: Database info:
	Database JDBC URL [Connecting through datasource 'HikariDataSource (HikariPool-1)']
	Database driver: undefined/unknown
	Database version: 17.2
	Autocommit mode: undefined/unknown
	Isolation level: undefined/unknown
	Minimum pool size: undefined/unknown
	Maximum pool size: undefined/unknown
2025-02-06 22:14:09,698 INFO o.h.e.t.j.p.i.JtaPlatformInitiator [main] HHH000489: No JTA platform available (set 'hibernate.transaction.jta.platform' to enable JTA platform integration)
2025-02-06 22:14:09,771 INFO o.s.o.j.AbstractEntityManagerFactoryBean [main] Initialized JPA EntityManagerFactory for persistence unit 'default'
2025-02-06 22:14:09,933 WARN o.s.b.a.o.j.JpaBaseConfiguration$JpaWebConfiguration [main] spring.jpa.open-in-view is enabled by default. Therefore, database queries may be performed during view rendering. Explicitly configure spring.jpa.open-in-view to disable this warning
2025-02-06 22:14:10,295 INFO o.a.j.l.DirectJDKLog [main] Starting ProtocolHandler ["http-nio-8080"]
2025-02-06 22:14:10,304 INFO o.s.b.w.e.t.TomcatWebServer [main] Tomcat started on port 8080 (http) with context path '/'
2025-02-06 22:14:10,311 INFO o.s.b.StartupInfoLogger [main] Started DemoApplication in 2.971 seconds (process running for 3.146)
2025-02-06 22:14:44,993 INFO o.a.j.l.DirectJDKLog [http-nio-8080-exec-1] Initializing Spring DispatcherServlet 'dispatcherServlet'
2025-02-06 22:14:44,993 INFO o.s.w.s.FrameworkServlet [http-nio-8080-exec-1] Initializing Servlet 'dispatcherServlet'
2025-02-06 22:14:44,994 INFO o.s.w.s.FrameworkServlet [http-nio-8080-exec-1] Completed initialization in 1 ms
2025-02-06 22:14:45,083 INFO c.e.d.u.LoggingAspect [http-nio-8080-exec-1] Transaction ID: No Auth Header | Incoming request to AuthController.signUpTrainee(..): [com.example.demo.dto.request.TraineeSignUpRequestDTO@61eac9f7]
2025-02-06 22:14:45,261 WARN c.e.d.d.UserDAOImpl [http-nio-8080-exec-1] No Trainer found with username abror.s3
2025-02-06 22:14:45,335 INFO c.e.d.u.LoggingAspect [http-nio-8080-exec-1] Transaction ID: No Auth Header | Response from AuthController.signUpTrainee(..): <201 CREATED Created,com.example.demo.dto.response.SignUpResponseDTO@4b6c0973,[]>
2025-02-06 22:19:13,691 ERROR c.e.d.s.JwtAuthenticationFilter [http-nio-8080-exec-5] Authentication error: 
2025-02-06 22:19:13,691 ERROR o.a.j.l.DirectJDKLog [http-nio-8080-exec-5] Servlet.service() for servlet [dispatcherServlet] in context with path [] threw exception
com.example.demo.exceptions.AuthenticationException: Authentication failed
	at com.example.demo.security.JwtAuthenticationFilter.doFilter(JwtAuthenticationFilter.java:69)
	at org.apache.catalina.core.ApplicationFilterChain.internalDoFilter(ApplicationFilterChain.java:164)
	at org.apache.catalina.core.ApplicationFilterChain.doFilter(ApplicationFilterChain.java:140)
	at org.springframework.web.filter.RequestContextFilter.doFilterInternal(RequestContextFilter.java:100)
	at org.springframework.web.filter.OncePerRequestFilter.doFilter(OncePerRequestFilter.java:116)
	at org.apache.catalina.core.ApplicationFilterChain.internalDoFilter(ApplicationFilterChain.java:164)
	at org.apache.catalina.core.ApplicationFilterChain.doFilter(ApplicationFilterChain.java:140)
	at org.springframework.web.filter.FormContentFilter.doFilterInternal(FormContentFilter.java:93)
	at org.springframework.web.filter.OncePerRequestFilter.doFilter(OncePerRequestFilter.java:116)
	at org.apache.catalina.core.ApplicationFilterChain.internalDoFilter(ApplicationFilterChain.java:164)
	at org.apache.catalina.core.ApplicationFilterChain.doFilter(ApplicationFilterChain.java:140)
	at org.springframework.web.filter.CharacterEncodingFilter.doFilterInternal(CharacterEncodingFilter.java:201)
	at org.springframework.web.filter.OncePerRequestFilter.doFilter(OncePerRequestFilter.java:116)
	at org.apache.catalina.core.ApplicationFilterChain.internalDoFilter(ApplicationFilterChain.java:164)
	at org.apache.catalina.core.ApplicationFilterChain.doFilter(ApplicationFilterChain.java:140)
	at org.apache.catalina.core.StandardWrapperValve.invoke(StandardWrapperValve.java:167)
	at org.apache.catalina.core.StandardContextValve.invoke(StandardContextValve.java:90)
	at org.apache.catalina.authenticator.AuthenticatorBase.invoke(AuthenticatorBase.java:483)
	at org.apache.catalina.core.StandardHostValve.invoke(StandardHostValve.java:115)
	at org.apache.catalina.valves.ErrorReportValve.invoke(ErrorReportValve.java:93)
	at org.apache.catalina.core.StandardEngineValve.invoke(StandardEngineValve.java:74)
	at org.apache.catalina.connector.CoyoteAdapter.service(CoyoteAdapter.java:344)
	at org.apache.coyote.http11.Http11Processor.service(Http11Processor.java:397)
	at org.apache.coyote.AbstractProcessorLight.process(AbstractProcessorLight.java:63)
	at org.apache.coyote.AbstractProtocol$ConnectionHandler.process(AbstractProtocol.java:905)
	at org.apache.tomcat.util.net.NioEndpoint$SocketProcessor.doRun(NioEndpoint.java:1741)
	at org.apache.tomcat.util.net.SocketProcessorBase.run(SocketProcessorBase.java:52)
	at org.apache.tomcat.util.threads.ThreadPoolExecutor.runWorker(ThreadPoolExecutor.java:1190)
	at org.apache.tomcat.util.threads.ThreadPoolExecutor$Worker.run(ThreadPoolExecutor.java:659)
	at org.apache.tomcat.util.threads.TaskThread$WrappingRunnable.run(TaskThread.java:63)
	at java.base/java.lang.Thread.run(Thread.java:840)
2025-02-06 22:19:34,721 INFO c.e.d.u.LoggingAspect [http-nio-8080-exec-7] Transaction ID: No Auth Header | Incoming request to TraineeController.getProfile(..): [abror.s3]
2025-02-06 22:19:34,761 INFO c.e.d.u.LoggingAspect [http-nio-8080-exec-7] Transaction ID: No Auth Header | Response from TraineeController.getProfile(..): <200 OK OK,com.example.demo.dto.response.TraineeResponseDTO@6436a7ca,[]>
2025-02-06 22:23:36,129 INFO o.s.b.w.e.t.GracefulShutdown [SpringApplicationShutdownHook] Commencing graceful shutdown. Waiting for active requests to complete
2025-02-06 22:23:36,131 INFO o.s.b.w.e.t.GracefulShutdown [tomcat-shutdown] Graceful shutdown complete
2025-02-06 22:23:36,134 INFO o.s.o.j.AbstractEntityManagerFactoryBean [SpringApplicationShutdownHook] Closing JPA EntityManagerFactory for persistence unit 'default'
2025-02-06 22:23:36,136 INFO c.z.h.HikariDataSource [SpringApplicationShutdownHook] HikariPool-1 - Shutdown initiated...
2025-02-06 22:23:36,142 INFO c.z.h.HikariDataSource [SpringApplicationShutdownHook] HikariPool-1 - Shutdown completed.
2025-02-06 22:23:36,976 INFO o.h.v.i.u.Version [background-preinit] HV000001: Hibernate Validator 8.0.2.Final
2025-02-06 22:23:37,014 INFO o.s.b.StartupInfoLogger [main] Starting DemoApplication using Java 17.0.14 with PID 1397728 (/home/ruby/Desktop/rest/spring-core/target/classes started by ruby in /home/ruby/Desktop/rest/spring-core)
2025-02-06 22:23:37,014 INFO o.s.b.SpringApplication [main] No active profile set, falling back to 1 default profile: "default"
2025-02-06 22:23:37,516 INFO o.s.d.r.c.RepositoryConfigurationDelegate [main] Bootstrapping Spring Data JPA repositories in DEFAULT mode.
2025-02-06 22:23:37,540 INFO o.s.d.r.c.RepositoryConfigurationDelegate [main] Finished Spring Data repository scanning in 14 ms. Found 0 JPA repository interfaces.
2025-02-06 22:23:38,020 INFO o.s.b.w.e.t.TomcatWebServer [main] Tomcat initialized with port 8080 (http)
2025-02-06 22:23:38,027 INFO o.a.j.l.DirectJDKLog [main] Initializing ProtocolHandler ["http-nio-8080"]
2025-02-06 22:23:38,029 INFO o.a.j.l.DirectJDKLog [main] Starting service [Tomcat]
2025-02-06 22:23:38,029 INFO o.a.j.l.DirectJDKLog [main] Starting Servlet engine: [Apache Tomcat/10.1.34]
2025-02-06 22:23:38,063 INFO o.a.j.l.DirectJDKLog [main] Initializing Spring embedded WebApplicationContext
2025-02-06 22:23:38,064 INFO o.s.b.w.s.c.ServletWebServerApplicationContext [main] Root WebApplicationContext: initialization completed in 1022 ms
2025-02-06 22:23:38,191 INFO o.h.j.i.u.LogHelper [main] HHH000204: Processing PersistenceUnitInfo [name: default]
2025-02-06 22:23:38,236 INFO o.h.Version [main] HHH000412: Hibernate ORM core version 6.6.5.Final
2025-02-06 22:23:38,268 INFO o.h.c.i.RegionFactoryInitiator [main] HHH000026: Second-level cache disabled
2025-02-06 22:23:38,401 INFO o.s.o.j.p.SpringPersistenceUnitInfo [main] No LoadTimeWeaver setup: ignoring JPA class transformer
2025-02-06 22:23:38,418 INFO c.z.h.HikariDataSource [main] HikariPool-1 - Starting...
2025-02-06 22:23:38,636 INFO c.z.h.p.HikariPool [main] HikariPool-1 - Added connection org.postgresql.jdbc.PgConnection@6fc0e448
2025-02-06 22:23:38,639 INFO c.z.h.HikariDataSource [main] HikariPool-1 - Start completed.
2025-02-06 22:23:38,706 INFO o.h.e.j.e.i.JdbcEnvironmentInitiator [main] HHH10001005: Database info:
	Database JDBC URL [Connecting through datasource 'HikariDataSource (HikariPool-1)']
	Database driver: undefined/unknown
	Database version: 17.2
	Autocommit mode: undefined/unknown
	Isolation level: undefined/unknown
	Minimum pool size: undefined/unknown
	Maximum pool size: undefined/unknown
2025-02-06 22:23:39,306 INFO o.h.e.t.j.p.i.JtaPlatformInitiator [main] HHH000489: No JTA platform available (set 'hibernate.transaction.jta.platform' to enable JTA platform integration)
2025-02-06 22:23:39,405 INFO o.s.o.j.AbstractEntityManagerFactoryBean [main] Initialized JPA EntityManagerFactory for persistence unit 'default'
2025-02-06 22:23:39,615 WARN o.s.b.a.o.j.JpaBaseConfiguration$JpaWebConfiguration [main] spring.jpa.open-in-view is enabled by default. Therefore, database queries may be performed during view rendering. Explicitly configure spring.jpa.open-in-view to disable this warning
2025-02-06 22:23:40,016 INFO o.a.j.l.DirectJDKLog [main] Starting ProtocolHandler ["http-nio-8080"]
2025-02-06 22:23:40,028 INFO o.s.b.w.e.t.TomcatWebServer [main] Tomcat started on port 8080 (http) with context path '/'
2025-02-06 22:23:40,039 INFO o.s.b.StartupInfoLogger [main] Started DemoApplication in 3.386 seconds (process running for 3.567)
2025-02-06 22:23:41,832 INFO o.a.j.l.DirectJDKLog [http-nio-8080-exec-1] Initializing Spring DispatcherServlet 'dispatcherServlet'
2025-02-06 22:23:41,832 INFO o.s.w.s.FrameworkServlet [http-nio-8080-exec-1] Initializing Servlet 'dispatcherServlet'
2025-02-06 22:23:41,833 INFO o.s.w.s.FrameworkServlet [http-nio-8080-exec-1] Completed initialization in 1 ms
2025-02-06 22:23:41,919 INFO c.e.d.u.LoggingAspect [http-nio-8080-exec-1] Transaction ID: No Auth Header | Incoming request to TraineeController.getProfile(..): [abror.s3]
2025-02-06 22:23:42,106 INFO c.e.d.u.LoggingAspect [http-nio-8080-exec-1] Transaction ID: No Auth Header | Response from TraineeController.getProfile(..): <200 OK OK,com.example.demo.dto.response.TraineeResponseDTO@7821b774,[]>
2025-02-06 22:23:59,620 INFO c.e.d.u.LoggingAspect [http-nio-8080-exec-3] Transaction ID: No Auth Header | Incoming request to TraineeController.getProfile(..): [abror.s3]
2025-02-06 22:23:59,626 INFO c.e.d.u.LoggingAspect [http-nio-8080-exec-3] Transaction ID: No Auth Header | Response from TraineeController.getProfile(..): <200 OK OK,com.example.demo.dto.response.TraineeResponseDTO@7f9fa016,[]>
2025-02-06 22:27:40,253 INFO o.s.b.w.e.t.GracefulShutdown [SpringApplicationShutdownHook] Commencing graceful shutdown. Waiting for active requests to complete
2025-02-06 22:27:40,255 INFO o.s.b.w.e.t.GracefulShutdown [tomcat-shutdown] Graceful shutdown complete
2025-02-06 22:27:40,258 INFO o.s.o.j.AbstractEntityManagerFactoryBean [SpringApplicationShutdownHook] Closing JPA EntityManagerFactory for persistence unit 'default'
2025-02-06 22:27:40,259 INFO c.z.h.HikariDataSource [SpringApplicationShutdownHook] HikariPool-1 - Shutdown initiated...
2025-02-06 22:27:40,264 INFO c.z.h.HikariDataSource [SpringApplicationShutdownHook] HikariPool-1 - Shutdown completed.
2025-02-06 22:27:41,061 ERROR o.s.b.SpringApplication [main] Application run failed
java.lang.IllegalStateException: java.lang.IllegalStateException: Logback configuration error detected: 
ERROR in ch.qos.logback.core.pattern.parser.Compiler@7d64e326 - There is no conversion supplier registered for conversion word [transactionID]
ERROR in ch.qos.logback.core.pattern.parser.Compiler@7d64e326 - [transactionID] is not a valid conversion word
	at org.springframework.boot.context.logging.LoggingApplicationListener.initializeSystem(LoggingApplicationListener.java:347)
	at org.springframework.boot.context.logging.LoggingApplicationListener.initialize(LoggingApplicationListener.java:298)
	at org.springframework.boot.context.logging.LoggingApplicationListener.onApplicationEnvironmentPreparedEvent(LoggingApplicationListener.java:246)
	at org.springframework.boot.context.logging.LoggingApplicationListener.onApplicationEvent(LoggingApplicationListener.java:223)
	at org.springframework.context.event.SimpleApplicationEventMulticaster.doInvokeListener(SimpleApplicationEventMulticaster.java:185)
	at org.springframework.context.event.SimpleApplicationEventMulticaster.invokeListener(SimpleApplicationEventMulticaster.java:178)
	at org.springframework.context.event.SimpleApplicationEventMulticaster.multicastEvent(SimpleApplicationEventMulticaster.java:156)
	at org.springframework.context.event.SimpleApplicationEventMulticaster.multicastEvent(SimpleApplicationEventMulticaster.java:138)
	at org.springframework.boot.context.event.EventPublishingRunListener.multicastInitialEvent(EventPublishingRunListener.java:136)
	at org.springframework.boot.context.event.EventPublishingRunListener.environmentPrepared(EventPublishingRunListener.java:81)
	at org.springframework.boot.SpringApplicationRunListeners.lambda$environmentPrepared$2(SpringApplicationRunListeners.java:64)
	at java.base/java.lang.Iterable.forEach(Iterable.java:75)
	at org.springframework.boot.SpringApplicationRunListeners.doWithListeners(SpringApplicationRunListeners.java:118)
	at org.springframework.boot.SpringApplicationRunListeners.doWithListeners(SpringApplicationRunListeners.java:112)
	at org.springframework.boot.SpringApplicationRunListeners.environmentPrepared(SpringApplicationRunListeners.java:63)
	at org.springframework.boot.SpringApplication.prepareEnvironment(SpringApplication.java:353)
	at org.springframework.boot.SpringApplication.run(SpringApplication.java:313)
	at org.springframework.boot.SpringApplication.run(SpringApplication.java:1361)
	at org.springframework.boot.SpringApplication.run(SpringApplication.java:1350)
	at com.example.demo.DemoApplication.main(DemoApplication.java:12)
Caused by: java.lang.IllegalStateException: Logback configuration error detected: 
ERROR in ch.qos.logback.core.pattern.parser.Compiler@7d64e326 - There is no conversion supplier registered for conversion word [transactionID]
ERROR in ch.qos.logback.core.pattern.parser.Compiler@7d64e326 - [transactionID] is not a valid conversion word
	at org.springframework.boot.logging.logback.LogbackLoggingSystem.reportConfigurationErrorsIfNecessary(LogbackLoggingSystem.java:291)
	at org.springframework.boot.logging.logback.LogbackLoggingSystem.loadConfiguration(LogbackLoggingSystem.java:269)
	at org.springframework.boot.logging.AbstractLoggingSystem.initializeWithConventions(AbstractLoggingSystem.java:81)
	at org.springframework.boot.logging.AbstractLoggingSystem.initialize(AbstractLoggingSystem.java:61)
	at org.springframework.boot.logging.logback.LogbackLoggingSystem.initialize(LogbackLoggingSystem.java:197)
	at org.springframework.boot.context.logging.LoggingApplicationListener.initializeSystem(LoggingApplicationListener.java:332)
	... 19 common frames omitted
2025-02-06 22:28:00,326 INFO o.h.v.i.u.Version [background-preinit] HV000001: Hibernate Validator 8.0.2.Final
2025-02-06 22:28:00,362 INFO o.s.b.StartupInfoLogger [main] Starting DemoApplication using Java 17.0.14 with PID 1419725 (/home/ruby/Desktop/rest/spring-core/target/classes started by ruby in /home/ruby/Desktop/rest/spring-core)
2025-02-06 22:28:00,364 INFO o.s.b.SpringApplication [main] No active profile set, falling back to 1 default profile: "default"
2025-02-06 22:28:00,810 INFO o.s.d.r.c.RepositoryConfigurationDelegate [main] Bootstrapping Spring Data JPA repositories in DEFAULT mode.
2025-02-06 22:28:00,835 INFO o.s.d.r.c.RepositoryConfigurationDelegate [main] Finished Spring Data repository scanning in 19 ms. Found 0 JPA repository interfaces.
2025-02-06 22:28:01,260 INFO o.s.b.w.e.t.TomcatWebServer [main] Tomcat initialized with port 8080 (http)
2025-02-06 22:28:01,267 INFO o.a.j.l.DirectJDKLog [main] Initializing ProtocolHandler ["http-nio-8080"]
2025-02-06 22:28:01,269 INFO o.a.j.l.DirectJDKLog [main] Starting service [Tomcat]
2025-02-06 22:28:01,269 INFO o.a.j.l.DirectJDKLog [main] Starting Servlet engine: [Apache Tomcat/10.1.34]
2025-02-06 22:28:01,303 INFO o.a.j.l.DirectJDKLog [main] Initializing Spring embedded WebApplicationContext
2025-02-06 22:28:01,304 INFO o.s.b.w.s.c.ServletWebServerApplicationContext [main] Root WebApplicationContext: initialization completed in 905 ms
2025-02-06 22:28:01,420 INFO o.h.j.i.u.LogHelper [main] HHH000204: Processing PersistenceUnitInfo [name: default]
2025-02-06 22:28:01,445 INFO o.h.Version [main] HHH000412: Hibernate ORM core version 6.6.5.Final
2025-02-06 22:28:01,463 INFO o.h.c.i.RegionFactoryInitiator [main] HHH000026: Second-level cache disabled
2025-02-06 22:28:01,590 INFO o.s.o.j.p.SpringPersistenceUnitInfo [main] No LoadTimeWeaver setup: ignoring JPA class transformer
2025-02-06 22:28:01,609 INFO c.z.h.HikariDataSource [main] HikariPool-1 - Starting...
2025-02-06 22:28:01,784 INFO c.z.h.p.HikariPool [main] HikariPool-1 - Added connection org.postgresql.jdbc.PgConnection@2beee3e8
2025-02-06 22:28:01,785 INFO c.z.h.HikariDataSource [main] HikariPool-1 - Start completed.
2025-02-06 22:28:01,827 INFO o.h.e.j.e.i.JdbcEnvironmentInitiator [main] HHH10001005: Database info:
	Database JDBC URL [Connecting through datasource 'HikariDataSource (HikariPool-1)']
	Database driver: undefined/unknown
	Database version: 17.2
	Autocommit mode: undefined/unknown
	Isolation level: undefined/unknown
	Minimum pool size: undefined/unknown
	Maximum pool size: undefined/unknown
2025-02-06 22:28:02,372 INFO o.h.e.t.j.p.i.JtaPlatformInitiator [main] HHH000489: No JTA platform available (set 'hibernate.transaction.jta.platform' to enable JTA platform integration)
2025-02-06 22:28:02,473 INFO o.s.o.j.AbstractEntityManagerFactoryBean [main] Initialized JPA EntityManagerFactory for persistence unit 'default'
2025-02-06 22:28:02,736 WARN o.s.b.a.o.j.JpaBaseConfiguration$JpaWebConfiguration [main] spring.jpa.open-in-view is enabled by default. Therefore, database queries may be performed during view rendering. Explicitly configure spring.jpa.open-in-view to disable this warning
2025-02-06 22:28:03,125 INFO o.a.j.l.DirectJDKLog [main] Starting ProtocolHandler ["http-nio-8080"]
2025-02-06 22:28:03,134 INFO o.s.b.w.e.t.TomcatWebServer [main] Tomcat started on port 8080 (http) with context path '/'
2025-02-06 22:28:03,141 INFO o.s.b.StartupInfoLogger [main] Started DemoApplication in 3.138 seconds (process running for 3.336)
2025-02-06 22:28:08,943 INFO o.a.j.l.DirectJDKLog [http-nio-8080-exec-1] Initializing Spring DispatcherServlet 'dispatcherServlet'
2025-02-06 22:28:08,943 INFO o.s.w.s.FrameworkServlet [http-nio-8080-exec-1] Initializing Servlet 'dispatcherServlet'
2025-02-06 22:28:08,944 INFO o.s.w.s.FrameworkServlet [http-nio-8080-exec-1] Completed initialization in 1 ms
2025-02-06 22:28:09,035 INFO c.e.d.u.LoggingAspect [http-nio-8080-exec-1] Transaction ID: No Auth Header | Incoming request to TraineeController.getProfile(..): [abror.s3]
2025-02-06 22:28:09,226 INFO c.e.d.u.LoggingAspect [http-nio-8080-exec-1] Transaction ID: No Auth Header | Response from TraineeController.getProfile(..): <200 OK OK,com.example.demo.dto.response.TraineeResponseDTO@b21a75c,[]>
2025-02-06 22:32:33,065 INFO o.s.b.w.e.t.GracefulShutdown [SpringApplicationShutdownHook] Commencing graceful shutdown. Waiting for active requests to complete
2025-02-06 22:32:33,068 INFO o.s.b.w.e.t.GracefulShutdown [tomcat-shutdown] Graceful shutdown complete
2025-02-06 22:32:33,072 INFO o.s.o.j.AbstractEntityManagerFactoryBean [SpringApplicationShutdownHook] Closing JPA EntityManagerFactory for persistence unit 'default'
2025-02-06 22:32:33,074 INFO c.z.h.HikariDataSource [SpringApplicationShutdownHook] HikariPool-1 - Shutdown initiated...
2025-02-06 22:32:33,080 INFO c.z.h.HikariDataSource [SpringApplicationShutdownHook] HikariPool-1 - Shutdown completed.
2025-02-06 22:32:43,917 INFO o.h.v.i.u.Version [background-preinit] HV000001: Hibernate Validator 8.0.2.Final
2025-02-06 22:32:43,987 INFO o.s.b.StartupInfoLogger [main] Starting DemoApplication using Java 17.0.14 with PID 1444580 (/home/ruby/Desktop/rest/spring-core/target/classes started by ruby in /home/ruby/Desktop/rest/spring-core)
2025-02-06 22:32:43,988 INFO o.s.b.SpringApplication [main] No active profile set, falling back to 1 default profile: "default"
2025-02-06 22:32:44,523 INFO o.s.d.r.c.RepositoryConfigurationDelegate [main] Bootstrapping Spring Data JPA repositories in DEFAULT mode.
2025-02-06 22:32:44,550 INFO o.s.d.r.c.RepositoryConfigurationDelegate [main] Finished Spring Data repository scanning in 13 ms. Found 0 JPA repository interfaces.
2025-02-06 22:32:45,030 INFO o.s.b.w.e.t.TomcatWebServer [main] Tomcat initialized with port 8080 (http)
2025-02-06 22:32:45,044 INFO o.a.j.l.DirectJDKLog [main] Initializing ProtocolHandler ["http-nio-8080"]
2025-02-06 22:32:45,046 INFO o.a.j.l.DirectJDKLog [main] Starting service [Tomcat]
2025-02-06 22:32:45,046 INFO o.a.j.l.DirectJDKLog [main] Starting Servlet engine: [Apache Tomcat/10.1.34]
2025-02-06 22:32:45,080 INFO o.a.j.l.DirectJDKLog [main] Initializing Spring embedded WebApplicationContext
2025-02-06 22:32:45,081 INFO o.s.b.w.s.c.ServletWebServerApplicationContext [main] Root WebApplicationContext: initialization completed in 1042 ms
2025-02-06 22:32:45,218 INFO o.h.j.i.u.LogHelper [main] HHH000204: Processing PersistenceUnitInfo [name: default]
2025-02-06 22:32:45,243 INFO o.h.Version [main] HHH000412: Hibernate ORM core version 6.6.5.Final
2025-02-06 22:32:45,264 INFO o.h.c.i.RegionFactoryInitiator [main] HHH000026: Second-level cache disabled
2025-02-06 22:32:45,398 INFO o.s.o.j.p.SpringPersistenceUnitInfo [main] No LoadTimeWeaver setup: ignoring JPA class transformer
2025-02-06 22:32:45,418 INFO c.z.h.HikariDataSource [main] HikariPool-1 - Starting...
2025-02-06 22:32:45,628 INFO c.z.h.p.HikariPool [main] HikariPool-1 - Added connection org.postgresql.jdbc.PgConnection@11f3400c
2025-02-06 22:32:45,630 INFO c.z.h.HikariDataSource [main] HikariPool-1 - Start completed.
2025-02-06 22:32:45,683 INFO o.h.e.j.e.i.JdbcEnvironmentInitiator [main] HHH10001005: Database info:
	Database JDBC URL [Connecting through datasource 'HikariDataSource (HikariPool-1)']
	Database driver: undefined/unknown
	Database version: 17.2
	Autocommit mode: undefined/unknown
	Isolation level: undefined/unknown
	Minimum pool size: undefined/unknown
	Maximum pool size: undefined/unknown
2025-02-06 22:32:46,276 INFO o.h.e.t.j.p.i.JtaPlatformInitiator [main] HHH000489: No JTA platform available (set 'hibernate.transaction.jta.platform' to enable JTA platform integration)
2025-02-06 22:32:46,364 INFO o.s.o.j.AbstractEntityManagerFactoryBean [main] Initialized JPA EntityManagerFactory for persistence unit 'default'
2025-02-06 22:32:46,684 WARN o.s.b.a.o.j.JpaBaseConfiguration$JpaWebConfiguration [main] spring.jpa.open-in-view is enabled by default. Therefore, database queries may be performed during view rendering. Explicitly configure spring.jpa.open-in-view to disable this warning
2025-02-06 22:32:47,157 INFO o.a.j.l.DirectJDKLog [main] Starting ProtocolHandler ["http-nio-8080"]
2025-02-06 22:32:47,166 INFO o.s.b.w.e.t.TomcatWebServer [main] Tomcat started on port 8080 (http) with context path '/'
2025-02-06 22:32:47,173 INFO o.s.b.StartupInfoLogger [main] Started DemoApplication in 3.544 seconds (process running for 3.752)
2025-02-06 22:33:07,813 INFO o.a.j.l.DirectJDKLog [http-nio-8080-exec-1] Initializing Spring DispatcherServlet 'dispatcherServlet'
2025-02-06 22:33:07,814 INFO o.s.w.s.FrameworkServlet [http-nio-8080-exec-1] Initializing Servlet 'dispatcherServlet'
2025-02-06 22:33:07,814 INFO o.s.w.s.FrameworkServlet [http-nio-8080-exec-1] Completed initialization in 0 ms
2025-02-06 22:33:07,913 INFO c.e.d.u.LoggingAspect [http-nio-8080-exec-1] Transaction ID: No Auth Header | Incoming request to TraineeController.getProfile(..): [abror.s3]
2025-02-06 22:33:08,121 INFO c.e.d.u.LoggingAspect [http-nio-8080-exec-1] Transaction ID: No Auth Header | Response from TraineeController.getProfile(..): <200 OK OK,com.example.demo.dto.response.TraineeResponseDTO@6280a569,[]>
